<?xml version="1.0" encoding="UTF-8"?>
<!-- Generated by org.testng.reporters.JUnitXMLReporter -->
<testsuite hostname="DESKTOP-9CESD09" name="Test" tests="4" failures="0" timestamp="5 Feb 2021 16:24:20 GMT" time="54.919" errors="0">
  <testcase name="HomePageNavigation" time="12.8" classname="AcademyE2E.HomePage"/>
  <testcase name="HomePageNavigation" time="3.799" classname="AcademyE2E.HomePage"/>
  <testcase name="Validate_Navigation" time="0.131" classname="AcademyE2E.ValidateNavigation"/>
  <testcase name="validate_title" time="0.04" classname="AcademyE2E.Validatetitle"/>
</testsuite> <!-- Test -->
