<?xml version="1.0" encoding="UTF-8"?>
<testng-results skipped="0" failed="0" total="1" passed="1">
  <reporter-output>
  </reporter-output>
  <suite name="Default suite" duration-ms="13755" started-at="2021-02-09T20:16:01Z" finished-at="2021-02-09T20:16:15Z">
    <groups>
    </groups>
    <test name="Default test" duration-ms="13755" started-at="2021-02-09T20:16:01Z" finished-at="2021-02-09T20:16:15Z">
      <class name="AcademyE2E.Webscrape">
        <test-method status="PASS" signature="initialize()[pri:0, instance:AcademyE2E.Webscrape@55a1c291]" name="initialize" is-config="true" duration-ms="11951" started-at="2021-02-09T14:16:01Z" finished-at="2021-02-09T14:16:13Z">
          <reporter-output>
          </reporter-output>
        </test-method> <!-- initialize -->
        <test-method status="PASS" signature="beforeClass()[pri:0, instance:AcademyE2E.Webscrape@55a1c291]" name="beforeClass" is-config="true" duration-ms="401" started-at="2021-02-09T14:16:13Z" finished-at="2021-02-09T14:16:13Z">
          <reporter-output>
          </reporter-output>
        </test-method> <!-- beforeClass -->
        <test-method status="PASS" signature="WebScrape()[pri:0, instance:AcademyE2E.Webscrape@55a1c291]" name="WebScrape" duration-ms="210" started-at="2021-02-09T14:16:13Z" finished-at="2021-02-09T14:16:14Z">
          <reporter-output>
          </reporter-output>
        </test-method> <!-- WebScrape -->
        <test-method status="PASS" signature="Teardown()[pri:0, instance:AcademyE2E.Webscrape@55a1c291]" name="Teardown" is-config="true" duration-ms="1174" started-at="2021-02-09T14:16:14Z" finished-at="2021-02-09T14:16:15Z">
          <reporter-output>
          </reporter-output>
        </test-method> <!-- Teardown -->
      </class> <!-- AcademyE2E.Webscrape -->
    </test> <!-- Default test -->
  </suite> <!-- Default suite -->
</testng-results>
